<?xml version="1.0" encoding="UTF-8"?>
<!-- Generated by org.testng.reporters.JUnitReportReporter -->
<testsuite hostname="DESKTOP-RI91OIG" failures="0" tests="2" name="automationTestScript.SaucedemoAutomatoin" time="31.397" errors="0" timestamp="2025-05-31T09:52:54 IST" skipped="0">
  <testcase classname="automationTestScript.SaucedemoAutomatoin" name="tc_001PurchaseOrderSuccessfuly" time="23.955"/>
  <testcase classname="automationTestScript.SaucedemoAutomatoin" name="tc002LoginFaild" time="7.442"/>
</testsuite> <!-- automationTestScript.SaucedemoAutomatoin -->
